c:\users\sevan\documents\synchrotron\seatech - 2a iris\ihm\bubbleshoot\debug\bubbleshoot.pch
c:\users\sevan\documents\synchrotron\seatech - 2a iris\ihm\bubbleshoot\debug\vc142.pdb
c:\users\sevan\documents\synchrotron\seatech - 2a iris\ihm\bubbleshoot\debug\vc142.idb
c:\users\sevan\documents\synchrotron\seatech - 2a iris\ihm\bubbleshoot\debug\pch.obj
c:\users\sevan\documents\synchrotron\seatech - 2a iris\ihm\bubbleshoot\debug\mainfrm.obj
c:\users\sevan\documents\synchrotron\seatech - 2a iris\ihm\bubbleshoot\debug\cplateau.obj
c:\users\sevan\documents\synchrotron\seatech - 2a iris\ihm\bubbleshoot\debug\bubbleshootview.obj
c:\users\sevan\documents\synchrotron\seatech - 2a iris\ihm\bubbleshoot\debug\bubbleshootdoc.obj
c:\users\sevan\documents\synchrotron\seatech - 2a iris\ihm\bubbleshoot\debug\bubbleshoot.obj
c:\users\sevan\documents\synchrotron\seatech - 2a iris\ihm\bubbleshoot\debug\bubbleshoot.exe
c:\users\sevan\documents\synchrotron\seatech - 2a iris\ihm\bubbleshoot\debug\bubbleshoot.ilk
c:\users\sevan\documents\synchrotron\seatech - 2a iris\ihm\bubbleshoot\debug\bubbleshoot.pdb
c:\users\sevan\documents\synchrotron\seatech - 2a iris\ihm\bubbleshoot\debug\bubbleshoot.res
c:\users\acer\desktop\seatech\2a\visualc++\projet bubble shoot\bubbleshoot\debug\bubbleshoot.obj
c:\users\acer\desktop\seatech\2a\visualc++\projet bubble shoot\bubbleshoot\debug\bubbleshootdoc.obj
c:\users\acer\desktop\seatech\2a\visualc++\projet bubble shoot\bubbleshoot\debug\bubbleshootview.obj
c:\users\acer\desktop\seatech\2a\visualc++\projet bubble shoot\bubbleshoot\debug\cplateau.obj
c:\users\acer\desktop\seatech\2a\visualc++\projet bubble shoot\bubbleshoot\debug\mainfrm.obj
c:\users\acer\desktop\seatech\2a\visualc++\projet bubble shoot\bubbleshoot\debug\pch.obj
c:\users\acer\desktop\seatech\2a\visualc++\projet bubble shoot\bubbleshoot\debug\bubbleshoot.ilk
c:\users\acer\desktop\seatech\2a\visualc++\projet bubble shoot\bubbleshoot\debug\bubbleshoot.res
c:\users\acer\desktop\seatech\2a\visualc++\projet bubble shoot\bubbleshoot\debug\bubbleshoot.pch
c:\users\acer\desktop\seatech\2a\visualc++\projet bubble shoot\bubbleshoot\debug\vc142.idb
c:\users\acer\desktop\seatech\2a\visualc++\projet bubble shoot\bubbleshoot\debug\bubbleshoot.pdb
c:\users\acer\desktop\seatech\2a\visualc++\projet bubble shoot\bubbleshoot\debug\vc142.pdb
c:\users\acer\desktop\seatech\2a\visualc++\projet bubble shoot\bubbleshoot\debug\bubbleshoot.exe
c:\users\acer\desktop\seatech\2a\visualc++\projet bubble shoot\bubbleshoot\debug\bubbleshoot.tlog\cl.command.1.tlog
c:\users\acer\desktop\seatech\2a\visualc++\projet bubble shoot\bubbleshoot\debug\bubbleshoot.tlog\cl.read.1.tlog
c:\users\acer\desktop\seatech\2a\visualc++\projet bubble shoot\bubbleshoot\debug\bubbleshoot.tlog\cl.write.1.tlog
c:\users\acer\desktop\seatech\2a\visualc++\projet bubble shoot\bubbleshoot\debug\bubbleshoot.tlog\link.command.1.tlog
c:\users\acer\desktop\seatech\2a\visualc++\projet bubble shoot\bubbleshoot\debug\bubbleshoot.tlog\link.read.1.tlog
c:\users\acer\desktop\seatech\2a\visualc++\projet bubble shoot\bubbleshoot\debug\bubbleshoot.tlog\link.write.1.tlog
c:\users\acer\desktop\seatech\2a\visualc++\projet bubble shoot\bubbleshoot\debug\bubbleshoot.tlog\rc.command.1.tlog
c:\users\acer\desktop\seatech\2a\visualc++\projet bubble shoot\bubbleshoot\debug\bubbleshoot.tlog\rc.read.1.tlog
c:\users\acer\desktop\seatech\2a\visualc++\projet bubble shoot\bubbleshoot\debug\bubbleshoot.tlog\rc.write.1.tlog
